This is pdfTeX, Version 3.141592653-2.6-1.40.25 (TeX Live 2023/Arch Linux) (preloaded format=pdflatex 2023.10.14)  24 OCT 2023 12:54
entering extended mode
 restricted \write18 enabled.
 %&-line parsing enabled.
**/home/iljo/dox/hogent/LaTeX/databases/les3/les3.tex
(/home/iljo/dox/hogent/LaTeX/databases/les3/les3.tex
LaTeX2e <2022-11-01> patch level 1
L3 programming layer <2023-02-22>
(/usr/share/texmf-dist/tex/latex/base/article.cls
Document Class: article 2022/07/02 v1.4n Standard LaTeX document class
(/usr/share/texmf-dist/tex/latex/base/size10.clo
File: size10.clo 2022/07/02 v1.4n Standard LaTeX file (size option)
)
\c@part=\count185
\c@section=\count186
\c@subsection=\count187
\c@subsubsection=\count188
\c@paragraph=\count189
\c@subparagraph=\count190
\c@figure=\count191
\c@table=\count192
\abovecaptionskip=\skip48
\belowcaptionskip=\skip49
\bibindent=\dimen140
)
(/usr/share/texmf-dist/tex/latex/l3backend/l3backend-pdftex.def
File: l3backend-pdftex.def 2023-01-16 L3 backend support: PDF output (pdfTeX)
\l__color_backend_stack_int=\count193
\l__pdf_internal_box=\box51
)
No file les3.aux.
\openout1 = `les3.aux'.

LaTeX Font Info:    Checking defaults for OML/cmm/m/it on input line 4.
LaTeX Font Info:    ... okay on input line 4.
LaTeX Font Info:    Checking defaults for OMS/cmsy/m/n on input line 4.
LaTeX Font Info:    ... okay on input line 4.
LaTeX Font Info:    Checking defaults for OT1/cmr/m/n on input line 4.
LaTeX Font Info:    ... okay on input line 4.
LaTeX Font Info:    Checking defaults for T1/cmr/m/n on input line 4.
LaTeX Font Info:    ... okay on input line 4.
LaTeX Font Info:    Checking defaults for TS1/cmr/m/n on input line 4.
LaTeX Font Info:    ... okay on input line 4.
LaTeX Font Info:    Checking defaults for OMX/cmex/m/n on input line 4.
LaTeX Font Info:    ... okay on input line 4.
LaTeX Font Info:    Checking defaults for U/cmr/m/n on input line 4.
LaTeX Font Info:    ... okay on input line 4.
LaTeX Font Info:    External font `cmex10' loaded for size
(Font)              <12> on input line 5.
LaTeX Font Info:    External font `cmex10' loaded for size
(Font)              <8> on input line 5.
LaTeX Font Info:    External font `cmex10' loaded for size
(Font)              <6> on input line 5.
)
Runaway argument?
{Hoofdstuk 2 en 3) Wat is een zwak entiteitstype \par \begin {itemize\ETC.
! File ended while scanning use of \@xdblarg.
<inserted text> 
                \par 
<*> ...jo/dox/hogent/LaTeX/databases/les3/les3.tex
                                                  
? 
! Emergency stop.
<inserted text> 
                \par 
<*> ...jo/dox/hogent/LaTeX/databases/les3/les3.tex
                                                  
End of file on the terminal!

 
Here is how much of TeX's memory you used:
 441 strings out of 477344
 8362 string characters out of 5823093
 1849388 words of memory out of 5000000
 20764 multiletter control sequences out of 15000+600000
 515322 words of font info for 42 fonts, out of 8000000 for 9000
 372 hyphenation exceptions out of 8191
 34i,6n,38p,378b,194s stack positions out of 10000i,1000n,20000p,200000b,200000s
!  ==> Fatal error occurred, no output PDF file produced!
